<response>
    <header>
        <resultCode>00</resultCode>
        <resultMsg>NORMAL SERVICE.</resultMsg>
    </header>
    <body>
        <items>
            <item>
                <거래금액> 15,950</거래금액>
                <거래유형>중개거래</거래유형>
                <건축년도>2000</건축년도>
                <년>2022</년>
                <법정동>화원읍 천내리</법정동>
                <아파트>화원한샘타운</아파트>
                <월>1</월>
                <일>8</일>
                <전용면적>59.535</전용면적>
                <중개사소재지>대구 달성군</중개사소재지>
                <지번>346</지번>
                <지역코드>27710</지역코드>
                <층>4</층>
                <해제사유발생일> </해제사유발생일>
                <해제여부> </해제여부>
            </item>
            <item>
                <거래금액> 16,000</거래금액>
                <거래유형>중개거래</거래유형>
                <건축년도>2000</건축년도>
                <년>2022</년>
                <법정동>화원읍 천내리</법정동>
                <아파트>화원한샘타운</아파트>
                <월>1</월>
                <일>18</일>
                <전용면적>59.535</전용면적>
                <중개사소재지>대구 달성군</중개사소재지>
                <지번>346</지번>
                <지역코드>27710</지역코드>
                <층>6</층>
                <해제사유발생일> </해제사유발생일>
                <해제여부> </해제여부>
            </item>
        </items>
        <numOfRows>10</numOfRows>
        <pageNo>1</pageNo>
        <totalCount>147</totalCount>
    </body>
</response>